# JRE version: Java(TM) SE Runtime Environment (8.0_121-b13) (build 1.8.0_121-b13)
# Java VM: Java HotSpot(TM) 64-Bit Server VM (25.121-b13 mixed mode windows-amd64 compressed oops)
Heap:
 PSYoungGen      total 484352K, used 31373K [0x0000000716180000, 0x0000000784f80000, 0x00000007c0000000)
  eden space 468480K, 3% used [0x0000000716180000,0x00000007170a4400,0x0000000732b00000)
  from space 15872K, 99% used [0x0000000784000000,0x0000000784f7f060,0x0000000784f80000)
  to   space 36352K, 0% used [0x0000000780880000,0x0000000780880000,0x0000000782c00000)
 ParOldGen       total 387072K, used 46561K [0x00000005c2400000, 0x00000005d9e00000, 0x0000000716180000)
  object space 387072K, 12% used [0x00000005c2400000,0x00000005c5178700,0x00000005d9e00000)
 Metaspace       used 76028K, capacity 76809K, committed 77400K, reserved 1116160K
  class space    used 10601K, capacity 10805K, committed 10880K, reserved 1048576K
GC Heap History (10 events):
Event: 197.615 GC heap before
{Heap before GC invocations=96 (full 4):
 PSYoungGen      total 530944K, used 2032K [0x0000000716180000, 0x0000000786d00000, 0x00000007c0000000)
  eden space 528896K, 0% used [0x0000000716180000,0x0000000716180000,0x0000000736600000)
  from space 2048K, 99% used [0x0000000786b00000,0x0000000786cfc1e8,0x0000000786d00000)
  to   space 26624K, 0% used [0x0000000783900000,0x0000000783900000,0x0000000785300000)
 ParOldGen       total 565760K, used 350899K [0x00000005c2400000, 0x00000005e4c80000, 0x0000000716180000)
  object space 565760K, 62% used [0x00000005c2400000,0x00000005d7aaccb8,0x00000005e4c80000)
 Metaspace       used 74745K, capacity 75579K, committed 75736K, reserved 1114112K
  class space    used 10477K, capacity 10690K, committed 10752K, reserved 1048576K
Event: 197.710 GC heap after
Heap after GC invocations=96 (full 4):
 PSYoungGen      total 530944K, used 0K [0x0000000716180000, 0x0000000786d00000, 0x00000007c0000000)
  eden space 528896K, 0% used [0x0000000716180000,0x0000000716180000,0x0000000736600000)
  from space 2048K, 0% used [0x0000000786b00000,0x0000000786b00000,0x0000000786d00000)
  to   space 26624K, 0% used [0x0000000783900000,0x0000000783900000,0x0000000785300000)
 ParOldGen       total 387072K, used 38623K [0x00000005c2400000, 0x00000005d9e00000, 0x0000000716180000)
  object space 387072K, 9% used [0x00000005c2400000,0x00000005c49b7f98,0x00000005d9e00000)
 Metaspace       used 74564K, capacity 75273K, committed 75736K, reserved 1114112K
  class space    used 10449K, capacity 10639K, committed 10752K, reserved 1048576K
}
Event: 201.458 GC heap before
{Heap before GC invocations=97 (full 4):
 PSYoungGen      total 530944K, used 528896K [0x0000000716180000, 0x0000000786d00000, 0x00000007c0000000)
  eden space 528896K, 100% used [0x0000000716180000,0x0000000736600000,0x0000000736600000)
  from space 2048K, 0% used [0x0000000786b00000,0x0000000786b00000,0x0000000786d00000)
  to   space 26624K, 0% used [0x0000000783900000,0x0000000783900000,0x0000000785300000)
 ParOldGen       total 387072K, used 38623K [0x00000005c2400000, 0x00000005d9e00000, 0x0000000716180000)
  object space 387072K, 9% used [0x00000005c2400000,0x00000005c49b7f98,0x00000005d9e00000)
 Metaspace       used 76018K, capacity 76809K, committed 77400K, reserved 1116160K
  class space    used 10601K, capacity 10805K, committed 10880K, reserved 1048576K
Event: 201.467 GC heap after
Heap after GC invocations=97 (full 4):
 PSYoungGen      total 534016K, used 20937K [0x0000000716180000, 0x0000000786b80000, 0x00000007c0000000)
  eden space 513024K, 0% used [0x0000000716180000,0x0000000716180000,0x0000000735680000)
  from space 20992K, 99% used [0x0000000783900000,0x0000000784d72640,0x0000000784d80000)
  to   space 29184K, 0% used [0x0000000784f00000,0x0000000784f00000,0x0000000786b80000)
 ParOldGen       total 387072K, used 38631K [0x00000005c2400000, 0x00000005d9e00000, 0x0000000716180000)
  object space 387072K, 9% used [0x00000005c2400000,0x00000005c49b9f98,0x00000005d9e00000)
 Metaspace       used 76018K, capacity 76809K, committed 77400K, reserved 1116160K
  class space    used 10601K, capacity 10805K, committed 10880K, reserved 1048576K
}
Event: 205.119 GC heap before
{Heap before GC invocations=98 (full 4):
 PSYoungGen      total 534016K, used 533961K [0x0000000716180000, 0x0000000786b80000, 0x00000007c0000000)
  eden space 513024K, 100% used [0x0000000716180000,0x0000000735680000,0x0000000735680000)
  from space 20992K, 99% used [0x0000000783900000,0x0000000784d72640,0x0000000784d80000)
  to   space 29184K, 0% used [0x0000000784f00000,0x0000000784f00000,0x0000000786b80000)
 ParOldGen       total 387072K, used 38631K [0x00000005c2400000, 0x00000005d9e00000, 0x0000000716180000)
  object space 387072K, 9% used [0x00000005c2400000,0x00000005c49b9f98,0x00000005d9e00000)
 Metaspace       used 76019K, capacity 76809K, committed 77400K, reserved 1116160K
  class space    used 10601K, capacity 10805K, committed 10880K, reserved 1048576K
Event: 205.127 GC heap after
Heap after GC invocations=98 (full 4):
 PSYoungGen      total 522240K, used 24375K [0x0000000716180000, 0x0000000786700000, 0x00000007c0000000)
  eden space 497664K, 0% used [0x0000000716180000,0x0000000716180000,0x0000000734780000)
  from space 24576K, 99% used [0x0000000784f00000,0x00000007866cde08,0x0000000786700000)
  to   space 32256K, 0% used [0x0000000782800000,0x0000000782800000,0x0000000784780000)
 ParOldGen       total 387072K, used 38639K [0x00000005c2400000, 0x00000005d9e00000, 0x0000000716180000)
  object space 387072K, 9% used [0x00000005c2400000,0x00000005c49bbf98,0x00000005d9e00000)
 Metaspace       used 76019K, capacity 76809K, committed 77400K, reserved 1116160K
  class space    used 10601K, capacity 10805K, committed 10880K, reserved 1048576K
}
Event: 208.621 GC heap before
{Heap before GC invocations=99 (full 4):
 PSYoungGen      total 522240K, used 522039K [0x0000000716180000, 0x0000000786700000, 0x00000007c0000000)
  eden space 497664K, 100% used [0x0000000716180000,0x0000000734780000,0x0000000734780000)
  from space 24576K, 99% used [0x0000000784f00000,0x00000007866cde08,0x0000000786700000)
  to   space 32256K, 0% used [0x0000000782800000,0x0000000782800000,0x0000000784780000)
 ParOldGen       total 387072K, used 38639K [0x00000005c2400000, 0x00000005d9e00000, 0x0000000716180000)
  object space 387072K, 9% used [0x00000005c2400000,0x00000005c49bbf98,0x00000005d9e00000)
 Metaspace       used 76026K, capacity 76809K, committed 77400K, reserved 1116160K
  class space    used 10601K, capacity 10805K, committed 10880K, reserved 1048576K
Event: 208.633 GC heap after
Heap after GC invocations=99 (full 4):
 PSYoungGen      total 507392K, used 24072K [0x0000000716180000, 0x0000000784f80000, 0x00000007c0000000)
  eden space 482816K, 0% used [0x0000000716180000,0x0000000716180000,0x0000000733900000)
  from space 24576K, 97% used [0x0000000782800000,0x0000000783f82120,0x0000000784000000)
  to   space 15872K, 0% used [0x0000000784000000,0x0000000784000000,0x0000000784f80000)
 ParOldGen       total 387072K, used 38639K [0x00000005c2400000, 0x00000005d9e00000, 0x0000000716180000)
  object space 387072K, 9% used [0x00000005c2400000,0x00000005c49bbf98,0x00000005d9e00000)
 Metaspace       used 76026K, capacity 76809K, committed 77400K, reserved 1116160K
  class space    used 10601K, capacity 10805K, committed 10880K, reserved 1048576K
}
Event: 211.912 GC heap before
{Heap before GC invocations=100 (full 4):
 PSYoungGen      total 507392K, used 506888K [0x0000000716180000, 0x0000000784f80000, 0x00000007c0000000)
  eden space 482816K, 100% used [0x0000000716180000,0x0000000733900000,0x0000000733900000)
  from space 24576K, 97% used [0x0000000782800000,0x0000000783f82120,0x0000000784000000)
  to   space 15872K, 0% used [0x0000000784000000,0x0000000784000000,0x0000000784f80000)
 ParOldGen       total 387072K, used 38639K [0x00000005c2400000, 0x00000005d9e00000, 0x0000000716180000)
  object space 387072K, 9% used [0x00000005c2400000,0x00000005c49bbf98,0x00000005d9e00000)
 Metaspace       used 76028K, capacity 76809K, committed 77400K, reserved 1116160K
  class space    used 10601K, capacity 10805K, committed 10880K, reserved 1048576K
Event: 211.921 GC heap after
Heap after GC invocations=100 (full 4):
 PSYoungGen      total 484352K, used 15868K [0x0000000716180000, 0x0000000784f80000, 0x00000007c0000000)
  eden space 468480K, 0% used [0x0000000716180000,0x0000000716180000,0x0000000732b00000)
  from space 15872K, 99% used [0x0000000784000000,0x0000000784f7f060,0x0000000784f80000)
  to   space 36352K, 0% used [0x0000000780880000,0x0000000780880000,0x0000000782c00000)
 ParOldGen       total 387072K, used 46561K [0x00000005c2400000, 0x00000005d9e00000, 0x0000000716180000)
  object space 387072K, 12% used [0x00000005c2400000,0x00000005c5178700,0x00000005d9e00000)
 Metaspace       used 76028K, capacity 76809K, committed 77400K, reserved 1116160K
  class space    used 10601K, capacity 10805K, committed 10880K, reserved 1048576K
}

