# JRE version: Java(TM) SE Runtime Environment (8.0_121-b13) (build 1.8.0_121-b13)
# Java VM: Java HotSpot(TM) 64-Bit Server VM (25.121-b13 mixed mode windows-amd64 compressed oops)
Heap:
 PSYoungGen      total 790016K, used 49912K [0x0000000716180000, 0x000000074ee00000, 0x00000007c0000000)
  eden space 748544K, 2% used [0x0000000716180000,0x0000000717381a48,0x0000000743c80000)
  from space 41472K, 75% used [0x0000000743c80000,0x0000000745b3c5e8,0x0000000746500000)
  to   space 44544K, 0% used [0x000000074c280000,0x000000074c280000,0x000000074ee00000)
 ParOldGen       total 386560K, used 68013K [0x00000005c2400000, 0x00000005d9d80000, 0x0000000716180000)
  object space 386560K, 17% used [0x00000005c2400000,0x00000005c666b7c8,0x00000005d9d80000)
 Metaspace       used 68141K, capacity 68760K, committed 68992K, reserved 1107968K
  class space    used 9673K, capacity 9839K, committed 9856K, reserved 1048576K
GC Heap History (10 events):
Event: 26.417 GC heap before
{Heap before GC invocations=18 (full 3):
 PSYoungGen      total 563200K, used 563178K [0x0000000716180000, 0x000000073a480000, 0x00000007c0000000)
  eden space 547840K, 100% used [0x0000000716180000,0x0000000737880000,0x0000000737880000)
  from space 15360K, 99% used [0x0000000739380000,0x000000073a27a978,0x000000073a280000)
  to   space 22528K, 0% used [0x0000000737880000,0x0000000737880000,0x0000000738e80000)
 ParOldGen       total 386560K, used 33298K [0x00000005c2400000, 0x00000005d9d80000, 0x0000000716180000)
  object space 386560K, 8% used [0x00000005c2400000,0x00000005c4484890,0x00000005d9d80000)
 Metaspace       used 68022K, capacity 68696K, committed 68992K, reserved 1107968K
  class space    used 9671K, capacity 9839K, committed 9856K, reserved 1048576K
Event: 26.435 GC heap after
Heap after GC invocations=18 (full 3):
 PSYoungGen      total 570368K, used 22502K [0x0000000716180000, 0x0000000742b80000, 0x00000007c0000000)
  eden space 547840K, 0% used [0x0000000716180000,0x0000000716180000,0x0000000737880000)
  from space 22528K, 99% used [0x0000000737880000,0x0000000738e79a88,0x0000000738e80000)
  to   space 30720K, 0% used [0x0000000740d80000,0x0000000740d80000,0x0000000742b80000)
 ParOldGen       total 386560K, used 46689K [0x00000005c2400000, 0x00000005d9d80000, 0x0000000716180000)
  object space 386560K, 12% used [0x00000005c2400000,0x00000005c51985b8,0x00000005d9d80000)
 Metaspace       used 68022K, capacity 68696K, committed 68992K, reserved 1107968K
  class space    used 9671K, capacity 9839K, committed 9856K, reserved 1048576K
}
Event: 30.296 GC heap before
{Heap before GC invocations=19 (full 3):
 PSYoungGen      total 570368K, used 570342K [0x0000000716180000, 0x0000000742b80000, 0x00000007c0000000)
  eden space 547840K, 100% used [0x0000000716180000,0x0000000737880000,0x0000000737880000)
  from space 22528K, 99% used [0x0000000737880000,0x0000000738e79a88,0x0000000738e80000)
  to   space 30720K, 0% used [0x0000000740d80000,0x0000000740d80000,0x0000000742b80000)
 ParOldGen       total 386560K, used 46689K [0x00000005c2400000, 0x00000005d9d80000, 0x0000000716180000)
  object space 386560K, 12% used [0x00000005c2400000,0x00000005c51985b8,0x00000005d9d80000)
 Metaspace       used 68067K, capacity 68696K, committed 68992K, reserved 1107968K
  class space    used 9671K, capacity 9839K, committed 9856K, reserved 1048576K
Event: 30.314 GC heap after
Heap after GC invocations=19 (full 3):
 PSYoungGen      total 693248K, used 30693K [0x0000000716180000, 0x0000000743480000, 0x00000007c0000000)
  eden space 662528K, 0% used [0x0000000716180000,0x0000000716180000,0x000000073e880000)
  from space 30720K, 99% used [0x0000000740d80000,0x0000000742b79520,0x0000000742b80000)
  to   space 37888K, 0% used [0x000000073e880000,0x000000073e880000,0x0000000740d80000)
 ParOldGen       total 386560K, used 52736K [0x00000005c2400000, 0x00000005d9d80000, 0x0000000716180000)
  object space 386560K, 13% used [0x00000005c2400000,0x00000005c5780398,0x00000005d9d80000)
 Metaspace       used 68067K, capacity 68696K, committed 68992K, reserved 1107968K
  class space    used 9671K, capacity 9839K, committed 9856K, reserved 1048576K
}
Event: 34.815 GC heap before
{Heap before GC invocations=20 (full 3):
 PSYoungGen      total 693248K, used 693221K [0x0000000716180000, 0x0000000743480000, 0x00000007c0000000)
  eden space 662528K, 100% used [0x0000000716180000,0x000000073e880000,0x000000073e880000)
  from space 30720K, 99% used [0x0000000740d80000,0x0000000742b79520,0x0000000742b80000)
  to   space 37888K, 0% used [0x000000073e880000,0x000000073e880000,0x0000000740d80000)
 ParOldGen       total 386560K, used 52736K [0x00000005c2400000, 0x00000005d9d80000, 0x0000000716180000)
  object space 386560K, 13% used [0x00000005c2400000,0x00000005c5780398,0x00000005d9d80000)
 Metaspace       used 68102K, capacity 68696K, committed 68992K, reserved 1107968K
  class space    used 9671K, capacity 9839K, committed 9856K, reserved 1048576K
Event: 34.836 GC heap after
Heap after GC invocations=20 (full 3):
 PSYoungGen      total 700416K, used 26708K [0x0000000716180000, 0x0000000748f00000, 0x00000007c0000000)
  eden space 662528K, 0% used [0x0000000716180000,0x0000000716180000,0x000000073e880000)
  from space 37888K, 70% used [0x000000073e880000,0x00000007402953c0,0x0000000740d80000)
  to   space 39936K, 0% used [0x0000000746800000,0x0000000746800000,0x0000000748f00000)
 ParOldGen       total 386560K, used 68005K [0x00000005c2400000, 0x00000005d9d80000, 0x0000000716180000)
  object space 386560K, 17% used [0x00000005c2400000,0x00000005c66697c8,0x00000005d9d80000)
 Metaspace       used 68102K, capacity 68696K, committed 68992K, reserved 1107968K
  class space    used 9671K, capacity 9839K, committed 9856K, reserved 1048576K
}
Event: 39.320 GC heap before
{Heap before GC invocations=21 (full 3):
 PSYoungGen      total 700416K, used 689236K [0x0000000716180000, 0x0000000748f00000, 0x00000007c0000000)
  eden space 662528K, 100% used [0x0000000716180000,0x000000073e880000,0x000000073e880000)
  from space 37888K, 70% used [0x000000073e880000,0x00000007402953c0,0x0000000740d80000)
  to   space 39936K, 0% used [0x0000000746800000,0x0000000746800000,0x0000000748f00000)
 ParOldGen       total 386560K, used 68005K [0x00000005c2400000, 0x00000005d9d80000, 0x0000000716180000)
  object space 386560K, 17% used [0x00000005c2400000,0x00000005c66697c8,0x00000005d9d80000)
 Metaspace       used 68122K, capacity 68760K, committed 68992K, reserved 1107968K
  class space    used 9672K, capacity 9839K, committed 9856K, reserved 1048576K
Event: 39.338 GC heap after
Heap after GC invocations=21 (full 3):
 PSYoungGen      total 786944K, used 27622K [0x0000000716180000, 0x0000000748d80000, 0x00000007c0000000)
  eden space 748544K, 0% used [0x0000000716180000,0x0000000716180000,0x0000000743c80000)
  from space 38400K, 71% used [0x0000000746800000,0x00000007482f9808,0x0000000748d80000)
  to   space 41472K, 0% used [0x0000000743c80000,0x0000000743c80000,0x0000000746500000)
 ParOldGen       total 386560K, used 68005K [0x00000005c2400000, 0x00000005d9d80000, 0x0000000716180000)
  object space 386560K, 17% used [0x00000005c2400000,0x00000005c66697c8,0x00000005d9d80000)
 Metaspace       used 68122K, capacity 68760K, committed 68992K, reserved 1107968K
  class space    used 9672K, capacity 9839K, committed 9856K, reserved 1048576K
}
Event: 44.363 GC heap before
{Heap before GC invocations=22 (full 3):
 PSYoungGen      total 786944K, used 776166K [0x0000000716180000, 0x0000000748d80000, 0x00000007c0000000)
  eden space 748544K, 100% used [0x0000000716180000,0x0000000743c80000,0x0000000743c80000)
  from space 38400K, 71% used [0x0000000746800000,0x00000007482f9808,0x0000000748d80000)
  to   space 41472K, 0% used [0x0000000743c80000,0x0000000743c80000,0x0000000746500000)
 ParOldGen       total 386560K, used 68005K [0x00000005c2400000, 0x00000005d9d80000, 0x0000000716180000)
  object space 386560K, 17% used [0x00000005c2400000,0x00000005c66697c8,0x00000005d9d80000)
 Metaspace       used 68137K, capacity 68760K, committed 68992K, reserved 1107968K
  class space    used 9673K, capacity 9839K, committed 9856K, reserved 1048576K
Event: 44.382 GC heap after
Heap after GC invocations=22 (full 3):
 PSYoungGen      total 790016K, used 31473K [0x0000000716180000, 0x000000074ee00000, 0x00000007c0000000)
  eden space 748544K, 0% used [0x0000000716180000,0x0000000716180000,0x0000000743c80000)
  from space 41472K, 75% used [0x0000000743c80000,0x0000000745b3c5e8,0x0000000746500000)
  to   space 44544K, 0% used [0x000000074c280000,0x000000074c280000,0x000000074ee00000)
 ParOldGen       total 386560K, used 68013K [0x00000005c2400000, 0x00000005d9d80000, 0x0000000716180000)
  object space 386560K, 17% used [0x00000005c2400000,0x00000005c666b7c8,0x00000005d9d80000)
 Metaspace       used 68137K, capacity 68760K, committed 68992K, reserved 1107968K
  class space    used 9673K, capacity 9839K, committed 9856K, reserved 1048576K
}

