# JRE version: Java(TM) SE Runtime Environment (8.0_121-b13) (build 1.8.0_121-b13)
# Java VM: Java HotSpot(TM) 64-Bit Server VM (25.121-b13 mixed mode windows-amd64 compressed oops)
Heap:
 PSYoungGen      total 2525184K, used 164035K [0x0000000716180000, 0x00000007c0000000, 0x00000007c0000000)
  eden space 2407936K, 1% used [0x0000000716180000,0x0000000718fa68a0,0x00000007a9100000)
  from space 117248K, 99% used [0x00000007a9100000,0x00000007b030a6d0,0x00000007b0380000)
  to   space 193024K, 0% used [0x00000007b4380000,0x00000007b4380000,0x00000007c0000000)
 ParOldGen       total 894976K, used 313607K [0x00000005c2400000, 0x00000005f8e00000, 0x0000000716180000)
  object space 894976K, 35% used [0x00000005c2400000,0x00000005d5641d40,0x00000005f8e00000)
 Metaspace       used 77316K, capacity 78171K, committed 78592K, reserved 1116160K
  class space    used 10724K, capacity 10936K, committed 11008K, reserved 1048576K
GC Heap History (10 events):
Event: 1189.313 GC heap before
{Heap before GC invocations=296 (full 9):
 PSYoungGen      total 2598912K, used 2598889K [0x0000000716180000, 0x00000007c0000000, 0x00000007c0000000)
  eden space 2488832K, 100% used [0x0000000716180000,0x00000007ae000000,0x00000007ae000000)
  from space 110080K, 99% used [0x00000007b9480000,0x00000007bfffa5d8,0x00000007c0000000)
  to   space 147456K, 0% used [0x00000007ae000000,0x00000007ae000000,0x00000007b7000000)
 ParOldGen       total 894976K, used 313607K [0x00000005c2400000, 0x00000005f8e00000, 0x0000000716180000)
  object space 894976K, 35% used [0x00000005c2400000,0x00000005d5641d40,0x00000005f8e00000)
 Metaspace       used 77308K, capacity 78171K, committed 78592K, reserved 1116160K
  class space    used 10724K, capacity 10936K, committed 11008K, reserved 1048576K
Event: 1189.340 GC heap after
Heap after GC invocations=296 (full 9):
 PSYoungGen      total 2601472K, used 112370K [0x0000000716180000, 0x00000007c0000000, 0x00000007c0000000)
  eden space 2488832K, 0% used [0x0000000716180000,0x0000000716180000,0x00000007ae000000)
  from space 112640K, 99% used [0x00000007ae000000,0x00000007b4dbcb28,0x00000007b4e00000)
  to   space 161280K, 0% used [0x00000007b6280000,0x00000007b6280000,0x00000007c0000000)
 ParOldGen       total 894976K, used 313607K [0x00000005c2400000, 0x00000005f8e00000, 0x0000000716180000)
  object space 894976K, 35% used [0x00000005c2400000,0x00000005d5641d40,0x00000005f8e00000)
 Metaspace       used 77308K, capacity 78171K, committed 78592K, reserved 1116160K
  class space    used 10724K, capacity 10936K, committed 11008K, reserved 1048576K
}
Event: 1205.808 GC heap before
{Heap before GC invocations=297 (full 9):
 PSYoungGen      total 2601472K, used 2601202K [0x0000000716180000, 0x00000007c0000000, 0x00000007c0000000)
  eden space 2488832K, 100% used [0x0000000716180000,0x00000007ae000000,0x00000007ae000000)
  from space 112640K, 99% used [0x00000007ae000000,0x00000007b4dbcb28,0x00000007b4e00000)
  to   space 161280K, 0% used [0x00000007b6280000,0x00000007b6280000,0x00000007c0000000)
 ParOldGen       total 894976K, used 313607K [0x00000005c2400000, 0x00000005f8e00000, 0x0000000716180000)
  object space 894976K, 35% used [0x00000005c2400000,0x00000005d5641d40,0x00000005f8e00000)
 Metaspace       used 77310K, capacity 78171K, committed 78592K, reserved 1116160K
  class space    used 10724K, capacity 10936K, committed 11008K, reserved 1048576K
Event: 1205.836 GC heap after
Heap after GC invocations=297 (full 9):
 PSYoungGen      total 2599936K, used 113735K [0x0000000716180000, 0x00000007c0000000, 0x00000007c0000000)
  eden space 2438656K, 0% used [0x0000000716180000,0x0000000716180000,0x00000007aaf00000)
  from space 161280K, 70% used [0x00000007b6280000,0x00000007bd191f18,0x00000007c0000000)
  to   space 172544K, 0% used [0x00000007aaf00000,0x00000007aaf00000,0x00000007b5780000)
 ParOldGen       total 894976K, used 313607K [0x00000005c2400000, 0x00000005f8e00000, 0x0000000716180000)
  object space 894976K, 35% used [0x00000005c2400000,0x00000005d5641d40,0x00000005f8e00000)
 Metaspace       used 77310K, capacity 78171K, committed 78592K, reserved 1116160K
  class space    used 10724K, capacity 10936K, committed 11008K, reserved 1048576K
}
Event: 1222.094 GC heap before
{Heap before GC invocations=298 (full 9):
 PSYoungGen      total 2599936K, used 2552391K [0x0000000716180000, 0x00000007c0000000, 0x00000007c0000000)
  eden space 2438656K, 100% used [0x0000000716180000,0x00000007aaf00000,0x00000007aaf00000)
  from space 161280K, 70% used [0x00000007b6280000,0x00000007bd191f18,0x00000007c0000000)
  to   space 172544K, 0% used [0x00000007aaf00000,0x00000007aaf00000,0x00000007b5780000)
 ParOldGen       total 894976K, used 313607K [0x00000005c2400000, 0x00000005f8e00000, 0x0000000716180000)
  object space 894976K, 35% used [0x00000005c2400000,0x00000005d5641d40,0x00000005f8e00000)
 Metaspace       used 77310K, capacity 78171K, committed 78592K, reserved 1116160K
  class space    used 10724K, capacity 10936K, committed 11008K, reserved 1048576K
Event: 1222.120 GC heap after
Heap after GC invocations=298 (full 9):
 PSYoungGen      total 2553856K, used 114754K [0x0000000716180000, 0x00000007c0000000, 0x00000007c0000000)
  eden space 2438656K, 0% used [0x0000000716180000,0x0000000716180000,0x00000007aaf00000)
  from space 115200K, 99% used [0x00000007aaf00000,0x00000007b1f10ad0,0x00000007b1f80000)
  to   space 181248K, 0% used [0x00000007b4f00000,0x00000007b4f00000,0x00000007c0000000)
 ParOldGen       total 894976K, used 313607K [0x00000005c2400000, 0x00000005f8e00000, 0x0000000716180000)
  object space 894976K, 35% used [0x00000005c2400000,0x00000005d5641d40,0x00000005f8e00000)
 Metaspace       used 77310K, capacity 78171K, committed 78592K, reserved 1116160K
  class space    used 10724K, capacity 10936K, committed 11008K, reserved 1048576K
}
Event: 1238.280 GC heap before
{Heap before GC invocations=299 (full 9):
 PSYoungGen      total 2553856K, used 2553410K [0x0000000716180000, 0x00000007c0000000, 0x00000007c0000000)
  eden space 2438656K, 100% used [0x0000000716180000,0x00000007aaf00000,0x00000007aaf00000)
  from space 115200K, 99% used [0x00000007aaf00000,0x00000007b1f10ad0,0x00000007b1f80000)
  to   space 181248K, 0% used [0x00000007b4f00000,0x00000007b4f00000,0x00000007c0000000)
 ParOldGen       total 894976K, used 313607K [0x00000005c2400000, 0x00000005f8e00000, 0x0000000716180000)
  object space 894976K, 35% used [0x00000005c2400000,0x00000005d5641d40,0x00000005f8e00000)
 Metaspace       used 77311K, capacity 78171K, committed 78592K, reserved 1116160K
  class space    used 10724K, capacity 10936K, committed 11008K, reserved 1048576K
Event: 1238.310 GC heap after
Heap after GC invocations=299 (full 9):
 PSYoungGen      total 2589184K, used 116195K [0x0000000716180000, 0x00000007c0000000, 0x00000007c0000000)
  eden space 2407936K, 0% used [0x0000000716180000,0x0000000716180000,0x00000007a9100000)
  from space 181248K, 64% used [0x00000007b4f00000,0x00000007bc078df0,0x00000007c0000000)
  to   space 187904K, 0% used [0x00000007a9100000,0x00000007a9100000,0x00000007b4880000)
 ParOldGen       total 894976K, used 313607K [0x00000005c2400000, 0x00000005f8e00000, 0x0000000716180000)
  object space 894976K, 35% used [0x00000005c2400000,0x00000005d5641d40,0x00000005f8e00000)
 Metaspace       used 77311K, capacity 78171K, committed 78592K, reserved 1116160K
  class space    used 10724K, capacity 10936K, committed 11008K, reserved 1048576K
}
Event: 1254.678 GC heap before
{Heap before GC invocations=300 (full 9):
 PSYoungGen      total 2589184K, used 2524131K [0x0000000716180000, 0x00000007c0000000, 0x00000007c0000000)
  eden space 2407936K, 100% used [0x0000000716180000,0x00000007a9100000,0x00000007a9100000)
  from space 181248K, 64% used [0x00000007b4f00000,0x00000007bc078df0,0x00000007c0000000)
  to   space 187904K, 0% used [0x00000007a9100000,0x00000007a9100000,0x00000007b4880000)
 ParOldGen       total 894976K, used 313607K [0x00000005c2400000, 0x00000005f8e00000, 0x0000000716180000)
  object space 894976K, 35% used [0x00000005c2400000,0x00000005d5641d40,0x00000005f8e00000)
 Metaspace       used 77316K, capacity 78171K, committed 78592K, reserved 1116160K
  class space    used 10724K, capacity 10936K, committed 11008K, reserved 1048576K
Event: 1254.711 GC heap after
Heap after GC invocations=300 (full 9):
 PSYoungGen      total 2525184K, used 116777K [0x0000000716180000, 0x00000007c0000000, 0x00000007c0000000)
  eden space 2407936K, 0% used [0x0000000716180000,0x0000000716180000,0x00000007a9100000)
  from space 117248K, 99% used [0x00000007a9100000,0x00000007b030a6d0,0x00000007b0380000)
  to   space 193024K, 0% used [0x00000007b4380000,0x00000007b4380000,0x00000007c0000000)
 ParOldGen       total 894976K, used 313607K [0x00000005c2400000, 0x00000005f8e00000, 0x0000000716180000)
  object space 894976K, 35% used [0x00000005c2400000,0x00000005d5641d40,0x00000005f8e00000)
 Metaspace       used 77316K, capacity 78171K, committed 78592K, reserved 1116160K
  class space    used 10724K, capacity 10936K, committed 11008K, reserved 1048576K
}

