# JRE version: Java(TM) SE Runtime Environment (8.0_121-b13) (build 1.8.0_121-b13)
# Java VM: Java HotSpot(TM) 64-Bit Server VM (25.121-b13 mixed mode windows-amd64 compressed oops)
Heap:
 PSYoungGen      total 417280K, used 33255K [0x0000000716180000, 0x0000000734180000, 0x00000007c0000000)
  eden space 395264K, 2% used [0x0000000716180000,0x0000000716cf8990,0x000000072e380000)
  from space 22016K, 97% used [0x000000072ee00000,0x00000007303015f0,0x0000000730380000)
  to   space 48128K, 0% used [0x0000000731280000,0x0000000731280000,0x0000000734180000)
 ParOldGen       total 375296K, used 90776K [0x00000005c2400000, 0x00000005d9280000, 0x0000000716180000)
  object space 375296K, 24% used [0x00000005c2400000,0x00000005c7ca6360,0x00000005d9280000)
 Metaspace       used 68385K, capacity 69016K, committed 69248K, reserved 1107968K
  class space    used 9675K, capacity 9839K, committed 9856K, reserved 1048576K
GC Heap History (10 events):
Event: 204.404 GC heap before
{Heap before GC invocations=54 (full 3):
 PSYoungGen      total 477696K, used 477204K [0x0000000716180000, 0x0000000738000000, 0x00000007c0000000)
  eden space 452608K, 100% used [0x0000000716180000,0x0000000731b80000,0x0000000731b80000)
  from space 25088K, 98% used [0x0000000736780000,0x0000000737f85010,0x0000000738000000)
  to   space 50688K, 0% used [0x0000000731d00000,0x0000000731d00000,0x0000000734e80000)
 ParOldGen       total 375296K, used 87491K [0x00000005c2400000, 0x00000005d9280000, 0x0000000716180000)
  object space 375296K, 23% used [0x00000005c2400000,0x00000005c7970f38,0x00000005d9280000)
 Metaspace       used 68373K, capacity 68952K, committed 68992K, reserved 1107968K
  class space    used 9675K, capacity 9839K, committed 9856K, reserved 1048576K
Event: 204.411 GC heap after
Heap after GC invocations=54 (full 3):
 PSYoungGen      total 464384K, used 23871K [0x0000000716180000, 0x0000000737180000, 0x00000007c0000000)
  eden space 440320K, 0% used [0x0000000716180000,0x0000000716180000,0x0000000730f80000)
  from space 24064K, 99% used [0x0000000731d00000,0x000000073344fd40,0x0000000733480000)
  to   space 50176K, 0% used [0x0000000734080000,0x0000000734080000,0x0000000737180000)
 ParOldGen       total 375296K, used 88207K [0x00000005c2400000, 0x00000005d9280000, 0x0000000716180000)
  object space 375296K, 23% used [0x00000005c2400000,0x00000005c7a23fb0,0x00000005d9280000)
 Metaspace       used 68373K, capacity 68952K, committed 68992K, reserved 1107968K
  class space    used 9675K, capacity 9839K, committed 9856K, reserved 1048576K
}
Event: 207.131 GC heap before
{Heap before GC invocations=55 (full 3):
 PSYoungGen      total 464384K, used 464191K [0x0000000716180000, 0x0000000737180000, 0x00000007c0000000)
  eden space 440320K, 100% used [0x0000000716180000,0x0000000730f80000,0x0000000730f80000)
  from space 24064K, 99% used [0x0000000731d00000,0x000000073344fd40,0x0000000733480000)
  to   space 50176K, 0% used [0x0000000734080000,0x0000000734080000,0x0000000737180000)
 ParOldGen       total 375296K, used 88207K [0x00000005c2400000, 0x00000005d9280000, 0x0000000716180000)
  object space 375296K, 23% used [0x00000005c2400000,0x00000005c7a23fb0,0x00000005d9280000)
 Metaspace       used 68379K, capacity 68952K, committed 68992K, reserved 1107968K
  class space    used 9675K, capacity 9839K, committed 9856K, reserved 1048576K
Event: 207.141 GC heap after
Heap after GC invocations=55 (full 3):
 PSYoungGen      total 466944K, used 23181K [0x0000000716180000, 0x0000000736600000, 0x00000007c0000000)
  eden space 428544K, 0% used [0x0000000716180000,0x0000000716180000,0x0000000730400000)
  from space 38400K, 60% used [0x0000000734080000,0x0000000735723458,0x0000000736600000)
  to   space 50176K, 0% used [0x0000000730400000,0x0000000730400000,0x0000000733500000)
 ParOldGen       total 375296K, used 88874K [0x00000005c2400000, 0x00000005d9280000, 0x0000000716180000)
  object space 375296K, 23% used [0x00000005c2400000,0x00000005c7aca808,0x00000005d9280000)
 Metaspace       used 68379K, capacity 68952K, committed 68992K, reserved 1107968K
  class space    used 9675K, capacity 9839K, committed 9856K, reserved 1048576K
}
Event: 209.686 GC heap before
{Heap before GC invocations=56 (full 3):
 PSYoungGen      total 466944K, used 451725K [0x0000000716180000, 0x0000000736600000, 0x00000007c0000000)
  eden space 428544K, 100% used [0x0000000716180000,0x0000000730400000,0x0000000730400000)
  from space 38400K, 60% used [0x0000000734080000,0x0000000735723458,0x0000000736600000)
  to   space 50176K, 0% used [0x0000000730400000,0x0000000730400000,0x0000000733500000)
 ParOldGen       total 375296K, used 88874K [0x00000005c2400000, 0x00000005d9280000, 0x0000000716180000)
  object space 375296K, 23% used [0x00000005c2400000,0x00000005c7aca808,0x00000005d9280000)
 Metaspace       used 68379K, capacity 68952K, committed 68992K, reserved 1107968K
  class space    used 9675K, capacity 9839K, committed 9856K, reserved 1048576K
Event: 209.693 GC heap after
Heap after GC invocations=56 (full 3):
 PSYoungGen      total 440320K, used 22625K [0x0000000716180000, 0x0000000735900000, 0x00000007c0000000)
  eden space 417280K, 0% used [0x0000000716180000,0x0000000716180000,0x000000072f900000)
  from space 23040K, 98% used [0x0000000730400000,0x0000000731a18668,0x0000000731a80000)
  to   space 49152K, 0% used [0x0000000732900000,0x0000000732900000,0x0000000735900000)
 ParOldGen       total 375296K, used 89532K [0x00000005c2400000, 0x00000005d9280000, 0x0000000716180000)
  object space 375296K, 23% used [0x00000005c2400000,0x00000005c7b6f1f0,0x00000005d9280000)
 Metaspace       used 68379K, capacity 68952K, committed 68992K, reserved 1107968K
  class space    used 9675K, capacity 9839K, committed 9856K, reserved 1048576K
}
Event: 212.134 GC heap before
{Heap before GC invocations=57 (full 3):
 PSYoungGen      total 440320K, used 439905K [0x0000000716180000, 0x0000000735900000, 0x00000007c0000000)
  eden space 417280K, 100% used [0x0000000716180000,0x000000072f900000,0x000000072f900000)
  from space 23040K, 98% used [0x0000000730400000,0x0000000731a18668,0x0000000731a80000)
  to   space 49152K, 0% used [0x0000000732900000,0x0000000732900000,0x0000000735900000)
 ParOldGen       total 375296K, used 89532K [0x00000005c2400000, 0x00000005d9280000, 0x0000000716180000)
  object space 375296K, 23% used [0x00000005c2400000,0x00000005c7b6f1f0,0x00000005d9280000)
 Metaspace       used 68379K, capacity 68952K, committed 68992K, reserved 1107968K
  class space    used 9675K, capacity 9839K, committed 9856K, reserved 1048576K
Event: 212.141 GC heap after
Heap after GC invocations=57 (full 3):
 PSYoungGen      total 442880K, used 21987K [0x0000000716180000, 0x0000000734d00000, 0x00000007c0000000)
  eden space 406016K, 0% used [0x0000000716180000,0x0000000716180000,0x000000072ee00000)
  from space 36864K, 59% used [0x0000000732900000,0x0000000733e78fd8,0x0000000734d00000)
  to   space 48640K, 0% used [0x000000072ee00000,0x000000072ee00000,0x0000000731d80000)
 ParOldGen       total 375296K, used 90165K [0x00000005c2400000, 0x00000005d9280000, 0x0000000716180000)
  object space 375296K, 24% used [0x00000005c2400000,0x00000005c7c0d688,0x00000005d9280000)
 Metaspace       used 68379K, capacity 68952K, committed 68992K, reserved 1107968K
  class space    used 9675K, capacity 9839K, committed 9856K, reserved 1048576K
}
Event: 214.469 GC heap before
{Heap before GC invocations=58 (full 3):
 PSYoungGen      total 442880K, used 428003K [0x0000000716180000, 0x0000000734d00000, 0x00000007c0000000)
  eden space 406016K, 100% used [0x0000000716180000,0x000000072ee00000,0x000000072ee00000)
  from space 36864K, 59% used [0x0000000732900000,0x0000000733e78fd8,0x0000000734d00000)
  to   space 48640K, 0% used [0x000000072ee00000,0x000000072ee00000,0x0000000731d80000)
 ParOldGen       total 375296K, used 90165K [0x00000005c2400000, 0x00000005d9280000, 0x0000000716180000)
  object space 375296K, 24% used [0x00000005c2400000,0x00000005c7c0d688,0x00000005d9280000)
 Metaspace       used 68385K, capacity 69016K, committed 69248K, reserved 1107968K
  class space    used 9675K, capacity 9839K, committed 9856K, reserved 1048576K
Event: 214.477 GC heap after
Heap after GC invocations=58 (full 3):
 PSYoungGen      total 417280K, used 21509K [0x0000000716180000, 0x0000000734180000, 0x00000007c0000000)
  eden space 395264K, 0% used [0x0000000716180000,0x0000000716180000,0x000000072e380000)
  from space 22016K, 97% used [0x000000072ee00000,0x00000007303015f0,0x0000000730380000)
  to   space 48128K, 0% used [0x0000000731280000,0x0000000731280000,0x0000000734180000)
 ParOldGen       total 375296K, used 90776K [0x00000005c2400000, 0x00000005d9280000, 0x0000000716180000)
  object space 375296K, 24% used [0x00000005c2400000,0x00000005c7ca6360,0x00000005d9280000)
 Metaspace       used 68385K, capacity 69016K, committed 69248K, reserved 1107968K
  class space    used 9675K, capacity 9839K, committed 9856K, reserved 1048576K
}

